<?xml version="1.0" encoding="UTF-8"?>
<!-- Generated by org.testng.reporters.JUnitReportReporter -->
<testsuite hostname="MJ004519" failures="0" tests="1" name="suites.RunSuite" time="4.112" errors="0" timestamp="2023-06-28T09:53:39 BST" skipped="0">
  <testcase classname="suites.RunSuite" name="runScenario" time="4.112"/>
  <system-out/>
</testsuite> <!-- suites.RunSuite -->
