<?xml version="1.0" encoding="UTF-8"?>
<!-- Generated by org.testng.reporters.JUnitReportReporter -->
<testsuite hostname="MJ004519" failures="0" tests="1" name="suites.RunSuite" time="5.834" errors="0" timestamp="2023-07-18T11:08:10 BST" skipped="0">
  <testcase classname="suites.RunSuite" name="runScenario" time="5.834"/>
  <system-out/>
</testsuite> <!-- suites.RunSuite -->
