<?xml version="1.0" encoding="UTF-8"?>
<!-- Generated by org.testng.reporters.JUnitReportReporter -->
<testsuite hostname="MJ004519" failures="0" tests="1" name="suites.RunSuite" time="3.348" errors="0" timestamp="2023-08-07T11:43:31 BST" skipped="0">
  <testcase classname="suites.RunSuite" name="runScenario" time="3.348"/>
  <system-out/>
</testsuite> <!-- suites.RunSuite -->
