<?xml version="1.0" encoding="UTF-8"?>
<!-- Generated by org.testng.reporters.JUnitReportReporter -->
<testsuite hostname="MJ004519" failures="0" tests="2" name="suites.RunSuite" time="5.535" errors="0" timestamp="2023-07-25T22:08:10 BST" skipped="0">
  <testcase classname="suites.RunSuite" name="runScenario" time="4.555"/>
  <system-out/>
  <testcase classname="suites.RunSuite" name="runScenario" time="0.980"/>
  <system-out/>
</testsuite> <!-- suites.RunSuite -->
